{"ts":"2025-08-11T14:01:31+00:00","type":"validation_fail","message":"Invalid email format","ip":"::1","user_id":null,"role":null,"uri":"/login.php","context":{"email":"1"}}
{"ts":"2025-08-11T14:01:31+00:00","type":"auth_fail","message":"Invalid credentials","ip":"::1","user_id":null,"role":null,"uri":"/login.php","context":[]}
{"ts":"2025-08-11T14:01:33+00:00","type":"validation_fail","message":"Invalid email length","ip":"::1","user_id":null,"role":null,"uri":"/login.php","context":[]}
{"ts":"2025-08-11T14:01:33+00:00","type":"auth_fail","message":"Invalid credentials","ip":"::1","user_id":null,"role":null,"uri":"/login.php","context":[]}
{"ts":"2025-08-11T14:01:37+00:00","type":"validation_fail","message":"Invalid email format","ip":"::1","user_id":null,"role":null,"uri":"/login.php","context":{"email":"1"}}
{"ts":"2025-08-11T14:01:37+00:00","type":"auth_fail","message":"Invalid credentials","ip":"::1","user_id":null,"role":null,"uri":"/login.php","context":[]}
{"ts":"2025-08-11T14:01:46+00:00","type":"validation_fail","message":"Invalid email format","ip":"::1","user_id":null,"role":null,"uri":"/register.php","context":{"email":"1"}}
{"ts":"2025-08-11T14:01:46+00:00","type":"validation_fail","message":"Password length policy violation","ip":"::1","user_id":null,"role":null,"uri":"/register.php","context":[]}
{"ts":"2025-08-11T14:01:52+00:00","type":"validation_fail","message":"Password length policy violation","ip":"::1","user_id":null,"role":null,"uri":"/register.php","context":[]}
{"ts":"2025-08-11T14:02:27+00:00","type":"validation_fail","message":"Password length policy violation","ip":"::1","user_id":null,"role":null,"uri":"/register.php","context":[]}
{"ts":"2025-08-11T14:04:12+00:00","type":"exception","message":"Unhandled exception","ip":"::1","user_id":null,"role":null,"uri":"/register.php","context":{"class":"GuzzleHttp\\Exception\\RequestException","code":0,"message":"cURL error 60: SSL certificate problem: unable to get local issuer certificate (see https://curl.haxx.se/libcurl/c/libcurl-errors.html) for https://yrdncjgjzqsesbfvwpcb.supabase.co/rest/v1/users?select=%2A&email=eq.test1%2540email.com&limit=1"}}
{"ts":"2025-08-11T14:04:22+00:00","type":"validation_fail","message":"Password length policy violation","ip":"::1","user_id":null,"role":null,"uri":"/register.php","context":[]}
{"ts":"2025-08-11T14:04:32+00:00","type":"exception","message":"Unhandled exception","ip":"::1","user_id":null,"role":null,"uri":"/register.php","context":{"class":"GuzzleHttp\\Exception\\RequestException","code":0,"message":"cURL error 60: SSL certificate problem: unable to get local issuer certificate (see https://curl.haxx.se/libcurl/c/libcurl-errors.html) for https://yrdncjgjzqsesbfvwpcb.supabase.co/rest/v1/users?select=%2A&email=eq.test1%2540email.com&limit=1"}}
{"ts":"2025-08-11T14:06:15+00:00","type":"exception","message":"Unhandled exception","ip":"::1","user_id":null,"role":null,"uri":"/register.php","context":{"class":"GuzzleHttp\\Exception\\RequestException","code":0,"message":"cURL error 60: SSL certificate problem: unable to get local issuer certificate (see https://curl.haxx.se/libcurl/c/libcurl-errors.html) for https://yrdncjgjzqsesbfvwpcb.supabase.co/rest/v1/users?select=%2A&email=eq.test1%2540email.com&limit=1"}}
{"ts":"2025-08-11T14:06:17+00:00","type":"exception","message":"Unhandled exception","ip":"::1","user_id":null,"role":null,"uri":"/register.php","context":{"class":"GuzzleHttp\\Exception\\RequestException","code":0,"message":"cURL error 60: SSL certificate problem: unable to get local issuer certificate (see https://curl.haxx.se/libcurl/c/libcurl-errors.html) for https://yrdncjgjzqsesbfvwpcb.supabase.co/rest/v1/users?select=%2A&email=eq.test1%2540email.com&limit=1"}}
{"ts":"2025-08-11T14:06:19+00:00","type":"validation_fail","message":"Password length policy violation","ip":"::1","user_id":null,"role":null,"uri":"/register.php","context":[]}
{"ts":"2025-08-11T14:06:28+00:00","type":"exception","message":"Unhandled exception","ip":"::1","user_id":null,"role":null,"uri":"/register.php","context":{"class":"GuzzleHttp\\Exception\\RequestException","code":0,"message":"cURL error 60: SSL certificate problem: unable to get local issuer certificate (see https://curl.haxx.se/libcurl/c/libcurl-errors.html) for https://yrdncjgjzqsesbfvwpcb.supabase.co/rest/v1/users?select=%2A&email=eq.test1%2540email.com&limit=1"}}
{"ts":"2025-08-11T14:11:13+00:00","type":"exception","message":"Unhandled exception","ip":"::1","user_id":null,"role":null,"uri":"/register.php","context":{"class":"GuzzleHttp\\Exception\\RequestException","code":0,"message":"cURL error 60: SSL certificate problem: unable to get local issuer certificate (see https://curl.haxx.se/libcurl/c/libcurl-errors.html) for https://yrdncjgjzqsesbfvwpcb.supabase.co/rest/v1/users?select=%2A&email=eq.test1%2540email.com&limit=1"}}
{"ts":"2025-08-11T14:12:48+00:00","type":"exception","message":"Unhandled exception","ip":"::1","user_id":null,"role":null,"uri":"/register.php","context":{"class":"GuzzleHttp\\Exception\\RequestException","code":0,"message":"cURL error 60: SSL certificate problem: unable to get local issuer certificate (see https://curl.haxx.se/libcurl/c/libcurl-errors.html) for https://yrdncjgjzqsesbfvwpcb.supabase.co/rest/v1/users?select=%2A&email=eq.test1%2540email.com&limit=1"}}
{"ts":"2025-08-11T14:12:49+00:00","type":"exception","message":"Unhandled exception","ip":"::1","user_id":null,"role":null,"uri":"/register.php","context":{"class":"GuzzleHttp\\Exception\\RequestException","code":0,"message":"cURL error 60: SSL certificate problem: unable to get local issuer certificate (see https://curl.haxx.se/libcurl/c/libcurl-errors.html) for https://yrdncjgjzqsesbfvwpcb.supabase.co/rest/v1/users?select=%2A&email=eq.test1%2540email.com&limit=1"}}
{"ts":"2025-08-11T14:12:49+00:00","type":"exception","message":"Unhandled exception","ip":"::1","user_id":null,"role":null,"uri":"/register.php","context":{"class":"GuzzleHttp\\Exception\\RequestException","code":0,"message":"cURL error 60: SSL certificate problem: unable to get local issuer certificate (see https://curl.haxx.se/libcurl/c/libcurl-errors.html) for https://yrdncjgjzqsesbfvwpcb.supabase.co/rest/v1/users?select=%2A&email=eq.test1%2540email.com&limit=1"}}
{"ts":"2025-08-11T14:15:23+00:00","type":"registration","message":"New customer registered","ip":"::1","user_id":null,"role":null,"uri":"/register.php","context":{"user_id":"40deb0fb-13d3-4451-b7c1-7acae7203da6"}}
{"ts":"2025-08-11T14:45:48+00:00","type":"auth_success","message":"User logged out","ip":"::1","user_id":"40deb0fb-13d3-4451-b7c1-7acae7203da6","role":"customer","uri":"/logout.php","context":[]}
{"ts":"2025-08-11T14:46:03+00:00","type":"auth_fail","message":"Invalid credentials","ip":"::1","user_id":null,"role":null,"uri":"/login.php","context":[]}
{"ts":"2025-08-11T14:46:27+00:00","type":"auth_fail","message":"Invalid credentials","ip":"::1","user_id":null,"role":null,"uri":"/login.php","context":[]}
{"ts":"2025-08-11T14:47:13+00:00","type":"auth_fail","message":"Invalid credentials","ip":"::1","user_id":null,"role":null,"uri":"/login.php","context":[]}
{"ts":"2025-08-11T14:47:53+00:00","type":"registration","message":"New customer registered","ip":"::1","user_id":null,"role":null,"uri":"/register.php","context":{"user_id":"d164f6a3-a798-4182-867f-dbff52b19ad1"}}
{"ts":"2025-08-11T14:48:38+00:00","type":"auth_success","message":"User logged out","ip":"::1","user_id":"d164f6a3-a798-4182-867f-dbff52b19ad1","role":"customer","uri":"/logout.php","context":[]}
{"ts":"2025-08-11T14:48:53+00:00","type":"auth_fail","message":"Invalid credentials","ip":"::1","user_id":null,"role":null,"uri":"/login.php","context":[]}
{"ts":"2025-08-11T14:49:48+00:00","type":"auth_fail","message":"Invalid credentials","ip":"::1","user_id":null,"role":null,"uri":"/login.php","context":[]}
{"ts":"2025-08-11T14:52:09+00:00","type":"auth_success","message":"User logged in","ip":"::1","user_id":"d164f6a3-a798-4182-867f-dbff52b19ad1","role":"customer","uri":"/login.php","context":[]}
{"ts":"2025-08-11T14:52:11+00:00","type":"auth_success","message":"User logged out","ip":"::1","user_id":"d164f6a3-a798-4182-867f-dbff52b19ad1","role":"customer","uri":"/logout.php","context":[]}
{"ts":"2025-08-11T14:52:21+00:00","type":"auth_success","message":"User logged in","ip":"::1","user_id":"40deb0fb-13d3-4451-b7c1-7acae7203da6","role":"customer","uri":"/login.php","context":[]}
{"ts":"2025-08-11T14:52:42+00:00","type":"auth_success","message":"User logged out","ip":"::1","user_id":"40deb0fb-13d3-4451-b7c1-7acae7203da6","role":"customer","uri":"/logout.php","context":[]}
{"ts":"2025-08-11T14:52:54+00:00","type":"auth_success","message":"User logged in","ip":"::1","user_id":"d164f6a3-a798-4182-867f-dbff52b19ad1","role":"customer","uri":"/login.php","context":[]}
